2025-07-30 10:08:06,555 - INFO - Received request: operation='power' inputs=[2, 8]
2025-07-30 10:08:06,560 - INFO - Processed successfully: operation='power' inputs=[2, 8] = 256
2025-07-30 10:17:24,851 - INFO - API received: operation='fibonacci' inputs=[10]
2025-07-30 10:17:24,851 - INFO - Received request: operation='fibonacci' inputs=[10]
2025-07-30 10:17:24,857 - INFO - Processed successfully: operation='fibonacci' inputs=[10] = 55
2025-07-30 10:17:28,934 - INFO - API received: operation='fibonacci' inputs=[10]
2025-07-30 10:17:28,934 - INFO - Received request: operation='fibonacci' inputs=[10]
2025-07-30 10:17:28,940 - INFO - Processed successfully: operation='fibonacci' inputs=[10] = 55
2025-07-30 10:54:24,427 - INFO - Received request: operation='factorial' inputs=[6]
2025-07-30 10:54:24,433 - INFO - Processed successfully: operation='factorial' inputs=[6] = 720
2025-07-30 10:56:00,019 - INFO - API received: operation='sum_digits' inputs=[1234]
2025-07-30 10:56:00,020 - INFO - Received request: operation='sum_digits' inputs=[1234]
2025-07-30 10:56:00,020 - ERROR - Error while processing request operation='sum_digits' inputs=[1234]: name 'sum_digits' is not defined
2025-07-30 10:56:00,020 - ERROR - API error: name 'sum_digits' is not defined
2025-07-30 10:56:31,530 - INFO - API received: operation='sum_digits' inputs=[1234]
2025-07-30 10:56:31,530 - INFO - Received request: operation='sum_digits' inputs=[1234]
2025-07-30 10:56:31,530 - ERROR - Error while processing request operation='sum_digits' inputs=[1234]: name 'sum_digits' is not defined
2025-07-30 10:56:31,531 - ERROR - API error: name 'sum_digits' is not defined
2025-07-30 10:58:58,142 - INFO - API received: operation='sum_digits' inputs=[1234]
2025-07-30 10:58:58,142 - INFO - Received request: operation='sum_digits' inputs=[1234]
2025-07-30 10:58:58,148 - INFO - Processed successfully: operation='sum_digits' inputs=[1234] = 10
2025-07-30 10:59:03,471 - INFO - API received: operation='sum_digits' inputs=[1234]
2025-07-30 10:59:03,471 - INFO - Received request: operation='sum_digits' inputs=[1234]
2025-07-30 10:59:03,478 - INFO - Processed successfully: operation='sum_digits' inputs=[1234] = 10
2025-07-30 11:00:22,570 - INFO - API received: operation='sum_digits' inputs=[1234]
2025-07-30 11:00:22,571 - INFO - Received request: operation='sum_digits' inputs=[1234]
2025-07-30 11:00:22,578 - INFO - Processed successfully: operation='sum_digits' inputs=[1234] = 10
2025-08-14 12:45:30,935 - INFO - API received: operation='fibonacci' inputs=[10]
2025-08-14 12:45:30,936 - INFO - Received request: operation='fibonacci' inputs=[10]
2025-08-14 12:45:30,948 - INFO - Processed successfully: operation='fibonacci' inputs=[10] = 55
